C:\APPSENSEVIRTUAL\S-1-5-21-1034197437-1726532848-3120442065-20434\{50266E19-65FD-43B5-8550-4E000B04D8D3}\_OFFICE TRACKER\REGISTRY\SETTINGS.FBR
Z:\CS262\recursionLab2\Debug\recursionLab2.exe
Z:\CS262\recursionLab2\Debug\recursionLab2.ilk
Z:\CS262\RECURSIONLAB2\DEBUG\RECURSIONLAB2.PDB
Z:\CS262\recursionLab2\recursionLab2\Debug\cl.command.1.tlog
Z:\CS262\recursionLab2\recursionLab2\Debug\CL.read.1.tlog
Z:\CS262\recursionLab2\recursionLab2\Debug\CL.write.1.tlog
Z:\CS262\recursionLab2\recursionLab2\Debug\link.3168-cvtres.read.1.tlog
Z:\CS262\recursionLab2\recursionLab2\Debug\link.3168-cvtres.write.1.tlog
Z:\CS262\recursionLab2\recursionLab2\Debug\link.7312-cvtres.read.1.tlog
Z:\CS262\recursionLab2\recursionLab2\Debug\link.7312-cvtres.write.1.tlog
Z:\CS262\recursionLab2\recursionLab2\Debug\link.7392-cvtres.read.1.tlog
Z:\CS262\recursionLab2\recursionLab2\Debug\link.7392-cvtres.write.1.tlog
Z:\CS262\recursionLab2\recursionLab2\Debug\link.command.1.tlog
Z:\CS262\recursionLab2\recursionLab2\Debug\link-cvtres.read.1.tlog
Z:\CS262\recursionLab2\recursionLab2\Debug\link-cvtres.write.1.tlog
Z:\CS262\RECURSIONLAB2\RECURSIONLAB2\DEBUG\MAIN.OBJ
Z:\CS262\RECURSIONLAB2\RECURSIONLAB2\DEBUG\MIAN.OBJ
Z:\CS262\recursionLab2\recursionLab2\Debug\mt.command.1.tlog
Z:\CS262\recursionLab2\recursionLab2\Debug\mt.read.1.tlog
Z:\CS262\recursionLab2\recursionLab2\Debug\mt.write.1.tlog
Z:\CS262\recursionLab2\recursionLab2\Debug\rc.command.1.tlog
Z:\CS262\recursionLab2\recursionLab2\Debug\rc.read.1.tlog
Z:\CS262\recursionLab2\recursionLab2\Debug\rc.write.1.tlog
Z:\CS262\recursionLab2\recursionLab2\Debug\recursionLab2.exe.embed.manifest
Z:\CS262\recursionLab2\recursionLab2\Debug\recursionLab2.exe.embed.manifest.res
Z:\CS262\recursionLab2\recursionLab2\Debug\recursionLab2.exe.intermediate.manifest
Z:\CS262\recursionLab2\recursionLab2\Debug\recursionLab2_manifest.rc
Z:\CS262\recursionLab2\recursionLab2\Debug\vc100.idb
Z:\CS262\RECURSIONLAB2\RECURSIONLAB2\DEBUG\VC100.PDB
