C:\APPSENSEVIRTUAL\S-1-5-21-1034197437-1726532848-3120442065-20434\{E6556CC5-6AC3-461A-BD9F-DB27156ADE17}\_OFFICE TRACKER\REGISTRY\SETTINGS.FBR
G:\1014110012\SHIT\SCHOOL DOCUMENTS\11-12\SPRING\DATA STRUCTURES\CS262\LAB11\DEBUG\LAB11.EXE
G:\1014110012\SHIT\SCHOOL DOCUMENTS\11-12\SPRING\DATA STRUCTURES\CS262\LAB11\DEBUG\LAB11.ILK
G:\1014110012\SHIT\SCHOOL DOCUMENTS\11-12\SPRING\DATA STRUCTURES\CS262\LAB11\DEBUG\LAB11.PDB
G:\1014110012\Shit\school documents\11-12\spring\data structures\CS262\lab11\lab11\Debug\cl.command.1.tlog
G:\1014110012\Shit\school documents\11-12\spring\data structures\CS262\lab11\lab11\Debug\CL.read.1.tlog
G:\1014110012\Shit\school documents\11-12\spring\data structures\CS262\lab11\lab11\Debug\CL.write.1.tlog
G:\1014110012\SHIT\SCHOOL DOCUMENTS\11-12\SPRING\DATA STRUCTURES\CS262\LAB11\LAB11\DEBUG\LAB11.EXE.EMBED.MANIFEST
G:\1014110012\SHIT\SCHOOL DOCUMENTS\11-12\SPRING\DATA STRUCTURES\CS262\LAB11\LAB11\DEBUG\LAB11.EXE.EMBED.MANIFEST.RES
G:\1014110012\SHIT\SCHOOL DOCUMENTS\11-12\SPRING\DATA STRUCTURES\CS262\LAB11\LAB11\DEBUG\LAB11.EXE.INTERMEDIATE.MANIFEST
G:\1014110012\Shit\school documents\11-12\spring\data structures\CS262\lab11\lab11\Debug\lab11_manifest.rc
G:\1014110012\Shit\school documents\11-12\spring\data structures\CS262\lab11\lab11\Debug\link.7604-cvtres.read.1.tlog
G:\1014110012\Shit\school documents\11-12\spring\data structures\CS262\lab11\lab11\Debug\link.7604-cvtres.write.1.tlog
G:\1014110012\Shit\school documents\11-12\spring\data structures\CS262\lab11\lab11\Debug\link.command.1.tlog
G:\1014110012\Shit\school documents\11-12\spring\data structures\CS262\lab11\lab11\Debug\link.read.1.tlog
G:\1014110012\Shit\school documents\11-12\spring\data structures\CS262\lab11\lab11\Debug\link.write.1.tlog
G:\1014110012\Shit\school documents\11-12\spring\data structures\CS262\lab11\lab11\Debug\link-cvtres.read.1.tlog
G:\1014110012\Shit\school documents\11-12\spring\data structures\CS262\lab11\lab11\Debug\link-cvtres.write.1.tlog
G:\1014110012\SHIT\SCHOOL DOCUMENTS\11-12\SPRING\DATA STRUCTURES\CS262\LAB11\LAB11\DEBUG\MAIN.OBJ
G:\1014110012\Shit\school documents\11-12\spring\data structures\CS262\lab11\lab11\Debug\mt.command.1.tlog
G:\1014110012\Shit\school documents\11-12\spring\data structures\CS262\lab11\lab11\Debug\mt.read.1.tlog
G:\1014110012\Shit\school documents\11-12\spring\data structures\CS262\lab11\lab11\Debug\mt.write.1.tlog
G:\1014110012\Shit\school documents\11-12\spring\data structures\CS262\lab11\lab11\Debug\rc.command.1.tlog
G:\1014110012\Shit\school documents\11-12\spring\data structures\CS262\lab11\lab11\Debug\rc.read.1.tlog
G:\1014110012\Shit\school documents\11-12\spring\data structures\CS262\lab11\lab11\Debug\rc.write.1.tlog
G:\1014110012\Shit\school documents\11-12\spring\data structures\CS262\lab11\lab11\Debug\vc100.idb
G:\1014110012\SHIT\SCHOOL DOCUMENTS\11-12\SPRING\DATA STRUCTURES\CS262\LAB11\LAB11\DEBUG\VC100.PDB
Z:\CS262\LAB11\DEBUG\LAB11.PDB
Z:\CS262\LAB11\LAB11\DEBUG\VC100.PDB
