Build started 4/27/2012 7:50:25 PM.
     1>Project "G:\1014110012\Shit\school documents\11-12\spring\data structures\CS262\lab11\lab11\lab11.vcxproj" on node 2 (build target(s)).
     1>InitializeBuildStatus:
         Creating "Debug\lab11.unsuccessfulbuild" because "AlwaysCreate" was specified.
       ClCompile:
         C:\Program Files (x86)\Microsoft Visual Studio 10.0\VC\bin\CL.exe /c /ZI /nologo /W3 /WX- /Od /Oy- /D WIN32 /D _DEBUG /D _CONSOLE /D _UNICODE /D UNICODE /Gm /EHsc /RTC1 /MDd /GS /fp:precise /Zc:wchar_t /Zc:forScope /Fo"Debug\\" /Fd"Debug\vc100.pdb" /Gd /TP /analyze- /errorReport:prompt main.cpp
         main.cpp
     1>g:\1014110012\shit\school documents\11-12\spring\data structures\cs262\lab11\lab11\main.cpp(58): warning C4101: 'insertValue' : unreferenced local variable
       ManifestResourceCompile:
         All outputs are up-to-date.
       Link:
         C:\Program Files (x86)\Microsoft Visual Studio 10.0\VC\bin\link.exe /ERRORREPORT:PROMPT /OUT:"G:\1014110012\Shit\school documents\11-12\spring\data structures\CS262\lab11\Debug\lab11.exe" /INCREMENTAL /NOLOGO kernel32.lib user32.lib gdi32.lib winspool.lib comdlg32.lib advapi32.lib shell32.lib ole32.lib oleaut32.lib uuid.lib odbc32.lib odbccp32.lib /MANIFEST /ManifestFile:"Debug\lab11.exe.intermediate.manifest" /MANIFESTUAC:"level='asInvoker' uiAccess='false'" /DEBUG /PDB:"G:\1014110012\Shit\school documents\11-12\spring\data structures\CS262\lab11\Debug\lab11.pdb" /SUBSYSTEM:CONSOLE /TLBID:1 /DYNAMICBASE /NXCOMPAT /IMPLIB:"G:\1014110012\Shit\school documents\11-12\spring\data structures\CS262\lab11\Debug\lab11.lib" /MACHINE:X86 Debug\lab11.exe.embed.manifest.res
         Debug\main.obj
       Manifest:
         C:\Program Files (x86)\Microsoft SDKs\Windows\v7.0A\bin\mt.exe /nologo /verbose /out:"Debug\lab11.exe.embed.manifest" /manifest Debug\lab11.exe.intermediate.manifest
         All outputs are up-to-date.
       LinkEmbedManifest:
         All outputs are up-to-date.
         lab11.vcxproj -> G:\1014110012\Shit\school documents\11-12\spring\data structures\CS262\lab11\Debug\lab11.exe
       FinalizeBuildStatus:
         Deleting file "Debug\lab11.unsuccessfulbuild".
         Touching "Debug\lab11.lastbuildstate".
     1>Done Building Project "G:\1014110012\Shit\school documents\11-12\spring\data structures\CS262\lab11\lab11\lab11.vcxproj" (build target(s)).

Build succeeded.

Time Elapsed 00:00:01.36
