C:\APPSENSEVIRTUAL\S-1-5-21-1034197437-1726532848-3120442065-20434\{5AB51FD3-259F-4DD3-ABB8-B90455CBCD28}\_OFFICE TRACKER\REGISTRY\SETTINGS.FBR
G:\1014110012\Shit\school documents\11-12\spring\data structures\CS262\Lab2\lab02\SimpleDate\Debug\cl.command.1.tlog
G:\1014110012\Shit\school documents\11-12\spring\data structures\CS262\Lab2\lab02\SimpleDate\Debug\CL.read.1.tlog
G:\1014110012\Shit\school documents\11-12\spring\data structures\CS262\Lab2\lab02\SimpleDate\Debug\CL.write.1.tlog
G:\1014110012\SHIT\SCHOOL DOCUMENTS\11-12\SPRING\DATA STRUCTURES\CS262\LAB2\LAB02\SIMPLEDATE\DEBUG\DATE.OBJ
G:\1014110012\Shit\school documents\11-12\spring\data structures\CS262\Lab2\lab02\SimpleDate\Debug\link.7292-cvtres.read.1.tlog
G:\1014110012\Shit\school documents\11-12\spring\data structures\CS262\Lab2\lab02\SimpleDate\Debug\link.7292-cvtres.write.1.tlog
G:\1014110012\Shit\school documents\11-12\spring\data structures\CS262\Lab2\lab02\SimpleDate\Debug\link.command.1.tlog
G:\1014110012\Shit\school documents\11-12\spring\data structures\CS262\Lab2\lab02\SimpleDate\Debug\link.read.1.tlog
G:\1014110012\Shit\school documents\11-12\spring\data structures\CS262\Lab2\lab02\SimpleDate\Debug\link.write.1.tlog
G:\1014110012\Shit\school documents\11-12\spring\data structures\CS262\Lab2\lab02\SimpleDate\Debug\link-cvtres.read.1.tlog
G:\1014110012\Shit\school documents\11-12\spring\data structures\CS262\Lab2\lab02\SimpleDate\Debug\link-cvtres.write.1.tlog
G:\1014110012\Shit\school documents\11-12\spring\data structures\CS262\Lab2\lab02\SimpleDate\Debug\mt.command.1.tlog
G:\1014110012\Shit\school documents\11-12\spring\data structures\CS262\Lab2\lab02\SimpleDate\Debug\mt.read.1.tlog
G:\1014110012\Shit\school documents\11-12\spring\data structures\CS262\Lab2\lab02\SimpleDate\Debug\mt.write.1.tlog
G:\1014110012\Shit\school documents\11-12\spring\data structures\CS262\Lab2\lab02\SimpleDate\Debug\rc.command.1.tlog
G:\1014110012\Shit\school documents\11-12\spring\data structures\CS262\Lab2\lab02\SimpleDate\Debug\rc.read.1.tlog
G:\1014110012\Shit\school documents\11-12\spring\data structures\CS262\Lab2\lab02\SimpleDate\Debug\rc.write.1.tlog
G:\1014110012\SHIT\SCHOOL DOCUMENTS\11-12\SPRING\DATA STRUCTURES\CS262\LAB2\LAB02\SIMPLEDATE\DEBUG\SIMPLEDATE.EXE
G:\1014110012\SHIT\SCHOOL DOCUMENTS\11-12\SPRING\DATA STRUCTURES\CS262\LAB2\LAB02\SIMPLEDATE\DEBUG\SIMPLEDATE.EXE.EMBED.MANIFEST
G:\1014110012\SHIT\SCHOOL DOCUMENTS\11-12\SPRING\DATA STRUCTURES\CS262\LAB2\LAB02\SIMPLEDATE\DEBUG\SIMPLEDATE.EXE.EMBED.MANIFEST.RES
G:\1014110012\SHIT\SCHOOL DOCUMENTS\11-12\SPRING\DATA STRUCTURES\CS262\LAB2\LAB02\SIMPLEDATE\DEBUG\SIMPLEDATE.EXE.INTERMEDIATE.MANIFEST
G:\1014110012\SHIT\SCHOOL DOCUMENTS\11-12\SPRING\DATA STRUCTURES\CS262\LAB2\LAB02\SIMPLEDATE\DEBUG\SIMPLEDATE.ILK
G:\1014110012\SHIT\SCHOOL DOCUMENTS\11-12\SPRING\DATA STRUCTURES\CS262\LAB2\LAB02\SIMPLEDATE\DEBUG\SIMPLEDATE.PDB
G:\1014110012\Shit\school documents\11-12\spring\data structures\CS262\Lab2\lab02\SimpleDate\Debug\SimpleDate_manifest.rc
G:\1014110012\SHIT\SCHOOL DOCUMENTS\11-12\SPRING\DATA STRUCTURES\CS262\LAB2\LAB02\SIMPLEDATE\DEBUG\USEDATES.OBJ
G:\1014110012\Shit\school documents\11-12\spring\data structures\CS262\Lab2\lab02\SimpleDate\Debug\vc100.idb
G:\1014110012\SHIT\SCHOOL DOCUMENTS\11-12\SPRING\DATA STRUCTURES\CS262\LAB2\LAB02\SIMPLEDATE\DEBUG\VC100.PDB
Z:\CS262\LAB2\LAB02\SIMPLEDATE\DEBUG\DATE.OBJ
Z:\CS262\LAB2\LAB02\SIMPLEDATE\DEBUG\SIMPLEDATE.PDB
Z:\CS262\LAB2\LAB02\SIMPLEDATE\DEBUG\USEDATES.OBJ
Z:\CS262\LAB2\LAB02\SIMPLEDATE\DEBUG\VC100.PDB
