Build started 2/14/2012 8:41:21 PM.
     1>Project "G:\1014110012\Shit\school documents\11-12\spring\data structures\CS262\Lab04\Lab4\Lab04\Lab04.vcxproj" on node 2 (build target(s)).
     1>InitializeBuildStatus:
         Touching "Debug\Lab05.unsuccessfulbuild".
       GenerateTargetFrameworkMonikerAttribute:
       Skipping target "GenerateTargetFrameworkMonikerAttribute" because all output files are up-to-date with respect to the input files.
       ClCompile:
         C:\Program Files (x86)\Microsoft Visual Studio 10.0\VC\bin\CL.exe /c /AI"C:\Program Files (x86)\Reference Assemblies\Microsoft\Framework\.NETFramework\v4.0" /Zi /clr:pure /nologo /W3 /WX- /Od /Oy- /D WIN32 /D _DEBUG /D _UNICODE /D UNICODE /EHa /MDd /GS /fp:precise /Zc:wchar_t /Zc:forScope /Fo"Debug\\" /Fd"Debug\vc100.pdb" /TP /FU"C:\Program Files (x86)\Reference Assemblies\Microsoft\Framework\.NETFramework\v4.0\System.Core.dll" /FU"C:\Program Files (x86)\Reference Assemblies\Microsoft\Framework\.NETFramework\v4.0\System.Data.dll" /FU"C:\Program Files (x86)\Reference Assemblies\Microsoft\Framework\.NETFramework\v4.0\System.dll" /FU"C:\Program Files (x86)\Reference Assemblies\Microsoft\Framework\.NETFramework\v4.0\System.Drawing.dll" /FU"C:\Program Files (x86)\Reference Assemblies\Microsoft\Framework\.NETFramework\v4.0\System.Windows.Forms.dll" /FU"C:\Program Files (x86)\Reference Assemblies\Microsoft\Framework\.NETFramework\v4.0\System.Xml.dll" /analyze- /errorReport:prompt DrawList.cpp Lab04.cpp MyLine.cpp MyOval.cpp MyRect.cpp MyShape.cpp Point.cpp /clr:nostdlib 
         DrawList.cpp
     1>C:\Program Files (x86)\Microsoft Visual Studio 10.0\VC\include\xutility(2227): warning C4996: 'std::_Copy_impl': Function call with parameters that may be unsafe - this call relies on the caller to check that the passed values are correct. To disable this warning, use -D_SCL_SECURE_NO_WARNINGS. See documentation on how to use Visual C++ 'Checked Iterators'
                 C:\Program Files (x86)\Microsoft Visual Studio 10.0\VC\include\xutility(2212) : see declaration of 'std::_Copy_impl'
                 DrawList.cpp(102) : see reference to function template instantiation '_OutIt std::copy<macs262_labs::DrawList::value_type**,macs262_labs::DrawList::value_type**>(_InIt,_InIt,_OutIt)' being compiled
                 with
                 [
                     _OutIt=macs262_labs::DrawList::value_type **,
                     _InIt=macs262_labs::DrawList::value_type **
                 ]
         Lab04.cpp
         MyLine.cpp
         MyOval.cpp
         MyRect.cpp
         MyShape.cpp
         Point.cpp
         Generating Code...
         C:\Program Files (x86)\Microsoft Visual Studio 10.0\VC\bin\CL.exe /c /Zi /clr:pure /nologo /W3 /WX- /Od /Oy- /D WIN32 /D _DEBUG /D _UNICODE /D UNICODE /EHa /MDd /GS /fp:precise /Zc:wchar_t /Zc:forScope /Fo"Debug\\" /Fd"Debug\vc100.pdb" /TP /analyze- /errorReport:prompt "C:\Users\Drew\AppData\Local\Temp\.NETFramework,Version=v4.0.AssemblyAttributes.cpp"
         .NETFramework,Version=v4.0.AssemblyAttributes.cpp
       CoreResGen:
         "C:\Program Files (x86)\Microsoft SDKs\Windows\v7.0A\bin\NETFX 4.0 Tools\resgen.exe" /useSourcePath /r:"C:\Program Files (x86)\Reference Assemblies\Microsoft\Framework\.NETFramework\v4.0\System.Core.dll" /r:"C:\Program Files (x86)\Reference Assemblies\Microsoft\Framework\.NETFramework\v4.0\System.Data.dll" /r:"C:\Program Files (x86)\Reference Assemblies\Microsoft\Framework\.NETFramework\v4.0\System.dll" /r:"C:\Program Files (x86)\Reference Assemblies\Microsoft\Framework\.NETFramework\v4.0\System.Drawing.dll" /r:"C:\Program Files (x86)\Reference Assemblies\Microsoft\Framework\.NETFramework\v4.0\System.Windows.Forms.dll" /r:"C:\Program Files (x86)\Reference Assemblies\Microsoft\Framework\.NETFramework\v4.0\System.Xml.dll" /compile Form1.resX,Debug\Lab05.Form1.resources
         Processing resource file "Form1.resX" into "Debug\Lab05.Form1.resources".
       ResourceCompile:
         C:\Program Files (x86)\Microsoft SDKs\Windows\v7.0A\bin\rc.exe /D _UNICODE /D UNICODE /l"0x0409" /nologo /fo"Debug\app.res" app.rc 
       Link:
         C:\Program Files (x86)\Microsoft Visual Studio 10.0\VC\bin\link.exe /ERRORREPORT:PROMPT /OUT:"G:\1014110012\Shit\school documents\11-12\spring\data structures\CS262\Lab04\Lab4\Lab04\\Debug\Lab05.exe" /INCREMENTAL /NOLOGO /ASSEMBLYRESOURCE:Debug\Lab05.Form1.resources /MANIFEST /ManifestFile:"Debug\Lab05.exe.intermediate.manifest" /MANIFESTUAC:"level='asInvoker' uiAccess='false'" /DEBUG /PDB:"G:\1014110012\Shit\school documents\11-12\spring\data structures\CS262\Lab04\Lab4\Lab04\Debug\Lab05.pdb" /ASSEMBLYDEBUG /SUBSYSTEM:WINDOWS /TLBID:1 /ENTRY:"main" /DYNAMICBASE /FIXED:NO /NXCOMPAT /MACHINE:X86 Debug\app.res
         Debug\DrawList.obj
         Debug\Lab04.obj
         Debug\MyLine.obj
         Debug\MyOval.obj
         Debug\MyRect.obj
         Debug\MyShape.obj
         Debug\Point.obj
         "Debug\.NETFramework,Version=v4.0.AssemblyAttributes.obj"
         Lab04.vcxproj -> G:\1014110012\Shit\school documents\11-12\spring\data structures\CS262\Lab04\Lab4\Lab04\Debug\Lab05.exe
       Manifest:
         C:\Program Files (x86)\Microsoft SDKs\Windows\v7.0A\bin\mt.exe /nologo /verbose /outputresource:"G:\1014110012\Shit\school documents\11-12\spring\data structures\CS262\Lab04\Lab4\Lab04\\Debug\Lab05.exe;#1" /manifest Debug\Lab05.exe.intermediate.manifest
       FinalizeBuildStatus:
         Deleting file "Debug\Lab05.unsuccessfulbuild".
         Touching "Debug\Lab05.lastbuildstate".
     1>Done Building Project "G:\1014110012\Shit\school documents\11-12\spring\data structures\CS262\Lab04\Lab4\Lab04\Lab04.vcxproj" (build target(s)).

Build succeeded.

Time Elapsed 00:00:07.00
