E:\LAB12V2\DEBUG\LAB12V2.EXE
E:\LAB12V2\DEBUG\LAB12V2.ILK
E:\LAB12V2\DEBUG\LAB12V2.PDB
E:\LAB12V2\LAB12V2\DEBUG\LAB12V2.EXE.EMBED.MANIFEST
E:\LAB12V2\LAB12V2\DEBUG\LAB12V2.EXE.EMBED.MANIFEST.RES
E:\LAB12V2\LAB12V2\DEBUG\LAB12V2.EXE.INTERMEDIATE.MANIFEST
E:\LAB12V2\LAB12V2\DEBUG\MAIN.OBJ
E:\LAB12V2\LAB12V2\DEBUG\VC100.PDB
G:\1014110012\SHIT\SCHOOL DOCUMENTS\11-12\SPRING\DATA STRUCTURES\CS262\LAB12V2\DEBUG\LAB12V2.EXE
G:\1014110012\SHIT\SCHOOL DOCUMENTS\11-12\SPRING\DATA STRUCTURES\CS262\LAB12V2\DEBUG\LAB12V2.ILK
G:\1014110012\SHIT\SCHOOL DOCUMENTS\11-12\SPRING\DATA STRUCTURES\CS262\LAB12V2\DEBUG\LAB12V2.PDB
G:\1014110012\Shit\school documents\11-12\spring\data structures\CS262\lab12v2\lab12v2\Debug\cl.command.1.tlog
G:\1014110012\Shit\school documents\11-12\spring\data structures\CS262\lab12v2\lab12v2\Debug\CL.read.1.tlog
G:\1014110012\Shit\school documents\11-12\spring\data structures\CS262\lab12v2\lab12v2\Debug\CL.write.1.tlog
G:\1014110012\Shit\school documents\11-12\spring\data structures\CS262\lab12v2\lab12v2\Debug\lab12v2.exe.embed.manifest
G:\1014110012\SHIT\SCHOOL DOCUMENTS\11-12\SPRING\DATA STRUCTURES\CS262\LAB12V2\LAB12V2\DEBUG\LAB12V2.EXE.EMBED.MANIFEST.RES
G:\1014110012\SHIT\SCHOOL DOCUMENTS\11-12\SPRING\DATA STRUCTURES\CS262\LAB12V2\LAB12V2\DEBUG\LAB12V2.EXE.INTERMEDIATE.MANIFEST
G:\1014110012\Shit\school documents\11-12\spring\data structures\CS262\lab12v2\lab12v2\Debug\lab12v2_manifest.rc
G:\1014110012\Shit\school documents\11-12\spring\data structures\CS262\lab12v2\lab12v2\Debug\link.3680.read.1.tlog
G:\1014110012\Shit\school documents\11-12\spring\data structures\CS262\lab12v2\lab12v2\Debug\link.3680.write.1.tlog
G:\1014110012\Shit\school documents\11-12\spring\data structures\CS262\lab12v2\lab12v2\Debug\link.3680-cvtres.read.1.tlog
G:\1014110012\Shit\school documents\11-12\spring\data structures\CS262\lab12v2\lab12v2\Debug\link.3680-cvtres.write.1.tlog
G:\1014110012\Shit\school documents\11-12\spring\data structures\CS262\lab12v2\lab12v2\Debug\link.4272-cvtres.read.1.tlog
G:\1014110012\Shit\school documents\11-12\spring\data structures\CS262\lab12v2\lab12v2\Debug\link.4272-cvtres.write.1.tlog
G:\1014110012\Shit\school documents\11-12\spring\data structures\CS262\lab12v2\lab12v2\Debug\link.4332.read.1.tlog
G:\1014110012\Shit\school documents\11-12\spring\data structures\CS262\lab12v2\lab12v2\Debug\link.4332.write.1.tlog
G:\1014110012\Shit\school documents\11-12\spring\data structures\CS262\lab12v2\lab12v2\Debug\link.4332-cvtres.read.1.tlog
G:\1014110012\Shit\school documents\11-12\spring\data structures\CS262\lab12v2\lab12v2\Debug\link.4332-cvtres.write.1.tlog
G:\1014110012\Shit\school documents\11-12\spring\data structures\CS262\lab12v2\lab12v2\Debug\link.4928.read.1.tlog
G:\1014110012\Shit\school documents\11-12\spring\data structures\CS262\lab12v2\lab12v2\Debug\link.4928.write.1.tlog
G:\1014110012\Shit\school documents\11-12\spring\data structures\CS262\lab12v2\lab12v2\Debug\link.4928-cvtres.read.1.tlog
G:\1014110012\Shit\school documents\11-12\spring\data structures\CS262\lab12v2\lab12v2\Debug\link.4928-cvtres.write.1.tlog
G:\1014110012\Shit\school documents\11-12\spring\data structures\CS262\lab12v2\lab12v2\Debug\link.5096-cvtres.read.1.tlog
G:\1014110012\Shit\school documents\11-12\spring\data structures\CS262\lab12v2\lab12v2\Debug\link.5096-cvtres.write.1.tlog
G:\1014110012\Shit\school documents\11-12\spring\data structures\CS262\lab12v2\lab12v2\Debug\link.6372-cvtres.read.1.tlog
G:\1014110012\Shit\school documents\11-12\spring\data structures\CS262\lab12v2\lab12v2\Debug\link.6372-cvtres.write.1.tlog
G:\1014110012\Shit\school documents\11-12\spring\data structures\CS262\lab12v2\lab12v2\Debug\link.672.read.1.tlog
G:\1014110012\Shit\school documents\11-12\spring\data structures\CS262\lab12v2\lab12v2\Debug\link.672.write.1.tlog
G:\1014110012\Shit\school documents\11-12\spring\data structures\CS262\lab12v2\lab12v2\Debug\link.672-cvtres.read.1.tlog
G:\1014110012\Shit\school documents\11-12\spring\data structures\CS262\lab12v2\lab12v2\Debug\link.672-cvtres.write.1.tlog
G:\1014110012\Shit\school documents\11-12\spring\data structures\CS262\lab12v2\lab12v2\Debug\link.676.read.1.tlog
G:\1014110012\Shit\school documents\11-12\spring\data structures\CS262\lab12v2\lab12v2\Debug\link.676.write.1.tlog
G:\1014110012\Shit\school documents\11-12\spring\data structures\CS262\lab12v2\lab12v2\Debug\link.676-cvtres.read.1.tlog
G:\1014110012\Shit\school documents\11-12\spring\data structures\CS262\lab12v2\lab12v2\Debug\link.676-cvtres.write.1.tlog
G:\1014110012\Shit\school documents\11-12\spring\data structures\CS262\lab12v2\lab12v2\Debug\link.7028-cvtres.read.1.tlog
G:\1014110012\Shit\school documents\11-12\spring\data structures\CS262\lab12v2\lab12v2\Debug\link.7028-cvtres.write.1.tlog
G:\1014110012\Shit\school documents\11-12\spring\data structures\CS262\lab12v2\lab12v2\Debug\link.7644-cvtres.read.1.tlog
G:\1014110012\Shit\school documents\11-12\spring\data structures\CS262\lab12v2\lab12v2\Debug\link.7644-cvtres.write.1.tlog
G:\1014110012\Shit\school documents\11-12\spring\data structures\CS262\lab12v2\lab12v2\Debug\link.command.1.tlog
G:\1014110012\Shit\school documents\11-12\spring\data structures\CS262\lab12v2\lab12v2\Debug\link.read.1.tlog
G:\1014110012\Shit\school documents\11-12\spring\data structures\CS262\lab12v2\lab12v2\Debug\link.write.1.tlog
G:\1014110012\Shit\school documents\11-12\spring\data structures\CS262\lab12v2\lab12v2\Debug\link-cvtres.read.1.tlog
G:\1014110012\Shit\school documents\11-12\spring\data structures\CS262\lab12v2\lab12v2\Debug\link-cvtres.write.1.tlog
G:\1014110012\SHIT\SCHOOL DOCUMENTS\11-12\SPRING\DATA STRUCTURES\CS262\LAB12V2\LAB12V2\DEBUG\MAIN.OBJ
G:\1014110012\Shit\school documents\11-12\spring\data structures\CS262\lab12v2\lab12v2\Debug\mt.command.1.tlog
G:\1014110012\Shit\school documents\11-12\spring\data structures\CS262\lab12v2\lab12v2\Debug\mt.read.1.tlog
G:\1014110012\Shit\school documents\11-12\spring\data structures\CS262\lab12v2\lab12v2\Debug\mt.write.1.tlog
G:\1014110012\Shit\school documents\11-12\spring\data structures\CS262\lab12v2\lab12v2\Debug\rc.command.1.tlog
G:\1014110012\Shit\school documents\11-12\spring\data structures\CS262\lab12v2\lab12v2\Debug\rc.read.1.tlog
G:\1014110012\Shit\school documents\11-12\spring\data structures\CS262\lab12v2\lab12v2\Debug\rc.write.1.tlog
G:\1014110012\Shit\school documents\11-12\spring\data structures\CS262\lab12v2\lab12v2\Debug\vc100.idb
G:\1014110012\SHIT\SCHOOL DOCUMENTS\11-12\SPRING\DATA STRUCTURES\CS262\LAB12V2\LAB12V2\DEBUG\VC100.PDB
