Build started 5/1/2012 6:50:34 PM.
     1>Project "G:\1014110012\Shit\school documents\11-12\spring\data structures\CS262\lab12v2\lab12v2\lab12v2.vcxproj" on node 2 (build target(s)).
     1>InitializeBuildStatus:
         Creating "Debug\lab12v2.unsuccessfulbuild" because "AlwaysCreate" was specified.
       ClCompile:
         C:\Program Files (x86)\Microsoft Visual Studio 10.0\VC\bin\CL.exe /c /ZI /nologo /W3 /WX- /Od /Oy- /D WIN32 /D _DEBUG /D _CONSOLE /D _UNICODE /D UNICODE /Gm /EHsc /RTC1 /MDd /GS /fp:precise /Zc:wchar_t /Zc:forScope /Fo"Debug\\" /Fd"Debug\vc100.pdb" /Gd /TP /analyze- /errorReport:prompt ..\main.cpp
         main.cpp
     1>g:\1014110012\shit\school documents\11-12\spring\data structures\cs262\lab12v2\main.cpp(90): warning C4018: '<' : signed/unsigned mismatch
     1>g:\1014110012\shit\school documents\11-12\spring\data structures\cs262\lab12v2\main.cpp(115): warning C4018: '<' : signed/unsigned mismatch
     1>g:\1014110012\shit\school documents\11-12\spring\data structures\cs262\lab12v2\main.cpp(298): warning C4018: '>' : signed/unsigned mismatch
     1>c:\program files (x86)\microsoft visual studio 10.0\vc\include\xtree(713): warning C4503: 'std::_Tree_iterator<_Mytree>::_Tree_iterator' : decorated name length exceeded, name was truncated
                 with
                 [
                     _Mytree=std::_Tree_val<std::_Tmap_traits<std::string,innerMap,std::less<std::string>,std::allocator<std::pair<const std::string,innerMap>>,false>>
                 ]
     1>c:\program files (x86)\microsoft visual studio 10.0\vc\include\xtree(713): warning C4503: 'std::_Tree<_Traits>::erase' : decorated name length exceeded, name was truncated
                 with
                 [
                     _Traits=std::_Tmap_traits<std::string,innerMap,std::less<std::string>,std::allocator<std::pair<const std::string,innerMap>>,false>
                 ]
     1>c:\program files (x86)\microsoft visual studio 10.0\vc\include\xtree(713): warning C4503: 'std::_Tree_const_iterator<_Mytree>::_Tree_const_iterator' : decorated name length exceeded, name was truncated
                 with
                 [
                     _Mytree=std::_Tree_val<std::_Tmap_traits<std::string,innerMap,std::less<std::string>,std::allocator<std::pair<const std::string,innerMap>>,false>>
                 ]
     1>c:\program files (x86)\microsoft visual studio 10.0\vc\include\xtree(713): warning C4503: 'std::_Tree<_Traits>::erase' : decorated name length exceeded, name was truncated
                 with
                 [
                     _Traits=std::_Tmap_traits<std::string,innerMap,std::less<std::string>,std::allocator<std::pair<const std::string,innerMap>>,false>
                 ]
     1>c:\program files (x86)\microsoft visual studio 10.0\vc\include\xtree(713): warning C4503: 'std::_Tree_unchecked_const_iterator<_Mytree,_Base>::_Tree_unchecked_const_iterator' : decorated name length exceeded, name was truncated
                 with
                 [
                     _Mytree=std::_Tree_val<std::_Tmap_traits<std::string,innerMap,std::less<std::string>,std::allocator<std::pair<const std::string,innerMap>>,false>>,
                     _Base=std::_Iterator_base
                 ]
     1>c:\program files (x86)\microsoft visual studio 10.0\vc\include\xtree(713): warning C4503: 'std::_Tree<_Traits>::insert' : decorated name length exceeded, name was truncated
                 with
                 [
                     _Traits=std::_Tmap_traits<std::string,innerMap,std::less<std::string>,std::allocator<std::pair<const std::string,innerMap>>,false>
                 ]
     1>c:\program files (x86)\microsoft visual studio 10.0\vc\include\xtree(713): warning C4503: 'std::_Tree<_Traits>::_Insert' : decorated name length exceeded, name was truncated
                 with
                 [
                     _Traits=std::_Tmap_traits<std::string,innerMap,std::less<std::string>,std::allocator<std::pair<const std::string,innerMap>>,false>
                 ]
     1>c:\program files (x86)\microsoft visual studio 10.0\vc\include\xtree(713): warning C4503: 'std::_Tree<_Traits>::_Linsert' : decorated name length exceeded, name was truncated
                 with
                 [
                     _Traits=std::_Tmap_traits<std::string,innerMap,std::less<std::string>,std::allocator<std::pair<const std::string,innerMap>>,false>
                 ]
     1>c:\program files (x86)\microsoft visual studio 10.0\vc\include\xtree(713): warning C4503: 'std::_Tree<_Traits>::_Insert' : decorated name length exceeded, name was truncated
                 with
                 [
                     _Traits=std::_Tmap_traits<std::string,innerMap,std::less<std::string>,std::allocator<std::pair<const std::string,innerMap>>,false>
                 ]
     1>c:\program files (x86)\microsoft visual studio 10.0\vc\include\xtree(713): warning C4503: 'std::pair<_Ty1,_Ty2>::pair' : decorated name length exceeded, name was truncated
                 with
                 [
                     _Ty1=std::_Tree_iterator<std::_Tree_val<std::_Tmap_traits<std::string,innerMap,std::less<std::string>,std::allocator<std::pair<const std::string,innerMap>>,false>>>,
                     _Ty2=bool
                 ]
     1>c:\program files (x86)\microsoft visual studio 10.0\vc\include\xtree(713): warning C4503: 'std::_Pair_base<_Ty1,_Ty2>::_Pair_base' : decorated name length exceeded, name was truncated
                 with
                 [
                     _Ty1=std::_Tree_iterator<std::_Tree_val<std::_Tmap_traits<std::string,innerMap,std::less<std::string>,std::allocator<std::pair<const std::string,innerMap>>,false>>>,
                     _Ty2=bool
                 ]
       ManifestResourceCompile:
         All outputs are up-to-date.
       Link:
         C:\Program Files (x86)\Microsoft Visual Studio 10.0\VC\bin\link.exe /ERRORREPORT:PROMPT /OUT:"G:\1014110012\Shit\school documents\11-12\spring\data structures\CS262\lab12v2\Debug\lab12v2.exe" /INCREMENTAL /NOLOGO kernel32.lib user32.lib gdi32.lib winspool.lib comdlg32.lib advapi32.lib shell32.lib ole32.lib oleaut32.lib uuid.lib odbc32.lib odbccp32.lib /MANIFEST /ManifestFile:"Debug\lab12v2.exe.intermediate.manifest" /MANIFESTUAC:"level='asInvoker' uiAccess='false'" /DEBUG /PDB:"G:\1014110012\Shit\school documents\11-12\spring\data structures\CS262\lab12v2\Debug\lab12v2.pdb" /SUBSYSTEM:CONSOLE /TLBID:1 /DYNAMICBASE /NXCOMPAT /IMPLIB:"G:\1014110012\Shit\school documents\11-12\spring\data structures\CS262\lab12v2\Debug\lab12v2.lib" /MACHINE:X86 Debug\lab12v2.exe.embed.manifest.res
         Debug\main.obj
       Manifest:
         C:\Program Files (x86)\Microsoft SDKs\Windows\v7.0A\bin\mt.exe /nologo /verbose /out:"Debug\lab12v2.exe.embed.manifest" /manifest Debug\lab12v2.exe.intermediate.manifest
         All outputs are up-to-date.
       LinkEmbedManifest:
         All outputs are up-to-date.
         lab12v2.vcxproj -> G:\1014110012\Shit\school documents\11-12\spring\data structures\CS262\lab12v2\Debug\lab12v2.exe
       FinalizeBuildStatus:
         Deleting file "Debug\lab12v2.unsuccessfulbuild".
         Touching "Debug\lab12v2.lastbuildstate".
     1>Done Building Project "G:\1014110012\Shit\school documents\11-12\spring\data structures\CS262\lab12v2\lab12v2\lab12v2.vcxproj" (build target(s)).

Build succeeded.

Time Elapsed 00:00:01.88
