C:\DOCUMENTS AND SETTINGS\DREW\DESKTOP\RECURSIONLABV2\DEBUG\RECURSIONLABV2.EXE
C:\DOCUMENTS AND SETTINGS\DREW\DESKTOP\RECURSIONLABV2\DEBUG\RECURSIONLABV2.ILK
C:\DOCUMENTS AND SETTINGS\DREW\DESKTOP\RECURSIONLABV2\DEBUG\RECURSIONLABV2.PDB
C:\Documents and Settings\Drew\Desktop\RecursionLabv2\RecursionLabv2\Debug\cl.command.1.tlog
C:\Documents and Settings\Drew\Desktop\RecursionLabv2\RecursionLabv2\Debug\CL.read.1.tlog
C:\Documents and Settings\Drew\Desktop\RecursionLabv2\RecursionLabv2\Debug\CL.write.1.tlog
C:\Documents and Settings\Drew\Desktop\RecursionLabv2\RecursionLabv2\Debug\link.2168.read.1.tlog
C:\Documents and Settings\Drew\Desktop\RecursionLabv2\RecursionLabv2\Debug\link.2168.write.1.tlog
C:\Documents and Settings\Drew\Desktop\RecursionLabv2\RecursionLabv2\Debug\link.2168-cvtres.read.1.tlog
C:\Documents and Settings\Drew\Desktop\RecursionLabv2\RecursionLabv2\Debug\link.2168-cvtres.write.1.tlog
C:\Documents and Settings\Drew\Desktop\RecursionLabv2\RecursionLabv2\Debug\link.command.1.tlog
C:\Documents and Settings\Drew\Desktop\RecursionLabv2\RecursionLabv2\Debug\link.read.1.tlog
C:\Documents and Settings\Drew\Desktop\RecursionLabv2\RecursionLabv2\Debug\link.write.1.tlog
C:\Documents and Settings\Drew\Desktop\RecursionLabv2\RecursionLabv2\Debug\link-cvtres.read.1.tlog
C:\Documents and Settings\Drew\Desktop\RecursionLabv2\RecursionLabv2\Debug\link-cvtres.write.1.tlog
C:\DOCUMENTS AND SETTINGS\DREW\DESKTOP\RECURSIONLABV2\RECURSIONLABV2\DEBUG\MAIN.OBJ
C:\Documents and Settings\Drew\Desktop\RecursionLabv2\RecursionLabv2\Debug\mt.command.1.tlog
C:\Documents and Settings\Drew\Desktop\RecursionLabv2\RecursionLabv2\Debug\mt.read.1.tlog
C:\Documents and Settings\Drew\Desktop\RecursionLabv2\RecursionLabv2\Debug\mt.write.1.tlog
C:\Documents and Settings\Drew\Desktop\RecursionLabv2\RecursionLabv2\Debug\rc.command.1.tlog
C:\Documents and Settings\Drew\Desktop\RecursionLabv2\RecursionLabv2\Debug\rc.read.1.tlog
C:\Documents and Settings\Drew\Desktop\RecursionLabv2\RecursionLabv2\Debug\rc.write.1.tlog
C:\DOCUMENTS AND SETTINGS\DREW\DESKTOP\RECURSIONLABV2\RECURSIONLABV2\DEBUG\RECURSIONLABV2.EXE.EMBED.MANIFEST
C:\DOCUMENTS AND SETTINGS\DREW\DESKTOP\RECURSIONLABV2\RECURSIONLABV2\DEBUG\RECURSIONLABV2.EXE.EMBED.MANIFEST.RES
C:\DOCUMENTS AND SETTINGS\DREW\DESKTOP\RECURSIONLABV2\RECURSIONLABV2\DEBUG\RECURSIONLABV2.EXE.INTERMEDIATE.MANIFEST
C:\Documents and Settings\Drew\Desktop\RecursionLabv2\RecursionLabv2\Debug\RecursionLabv2_manifest.rc
C:\Documents and Settings\Drew\Desktop\RecursionLabv2\RecursionLabv2\Debug\vc100.idb
C:\DOCUMENTS AND SETTINGS\DREW\DESKTOP\RECURSIONLABV2\RECURSIONLABV2\DEBUG\VC100.PDB
