Build started 5/5/2012 10:14:39 AM.
     1>Project "G:\1014110012\Shit\school documents\11-12\spring\data structures\CS262\Lab06\LinkedListEx\LinkedListEx.vcxproj" on node 2 (build target(s)).
     1>InitializeBuildStatus:
         Creating "Debug\LinkedListEx.unsuccessfulbuild" because "AlwaysCreate" was specified.
       ClCompile:
         C:\Program Files (x86)\Microsoft Visual Studio 10.0\VC\bin\CL.exe /c /ZI /nologo /W3 /WX- /Od /Oy- /D WIN32 /D _DEBUG /D _CONSOLE /D _UNICODE /D UNICODE /Gm /EHsc /RTC1 /MDd /GS /fp:precise /Zc:wchar_t /Zc:forScope /Fo"Debug\\" /Fd"Debug\vc100.pdb" /Gd /TP /analyze- /errorReport:prompt LinkedList.cpp
         LinkedList.cpp
       ManifestResourceCompile:
         All outputs are up-to-date.
       Link:
         C:\Program Files (x86)\Microsoft Visual Studio 10.0\VC\bin\link.exe /ERRORREPORT:PROMPT /OUT:"G:\1014110012\Shit\school documents\11-12\spring\data structures\CS262\Lab06\Debug\LinkedListEx.exe" /INCREMENTAL /NOLOGO kernel32.lib user32.lib gdi32.lib winspool.lib comdlg32.lib advapi32.lib shell32.lib ole32.lib oleaut32.lib uuid.lib odbc32.lib odbccp32.lib /MANIFEST /ManifestFile:"Debug\LinkedListEx.exe.intermediate.manifest" /MANIFESTUAC:"level='asInvoker' uiAccess='false'" /DEBUG /PDB:"G:\1014110012\Shit\school documents\11-12\spring\data structures\CS262\Lab06\Debug\LinkedListEx.pdb" /SUBSYSTEM:CONSOLE /TLBID:1 /DYNAMICBASE /NXCOMPAT /IMPLIB:"G:\1014110012\Shit\school documents\11-12\spring\data structures\CS262\Lab06\Debug\LinkedListEx.lib" /MACHINE:X86 Debug\LinkedListEx.exe.embed.manifest.res
         Debug\LinkedList.obj
         Debug\LinkedListTest.obj
         LINK : G:\1014110012\Shit\school documents\11-12\spring\data structures\CS262\Lab06\Debug\LinkedListEx.exe not found or not built by the last incremental link; performing full link
       Manifest:
         C:\Program Files (x86)\Microsoft SDKs\Windows\v7.0A\bin\mt.exe /nologo /verbose /out:"Debug\LinkedListEx.exe.embed.manifest" /manifest Debug\LinkedListEx.exe.intermediate.manifest
         All outputs are up-to-date.
       LinkEmbedManifest:
         All outputs are up-to-date.
         LinkedListEx.vcxproj -> G:\1014110012\Shit\school documents\11-12\spring\data structures\CS262\Lab06\Debug\LinkedListEx.exe
       FinalizeBuildStatus:
         Deleting file "Debug\LinkedListEx.unsuccessfulbuild".
         Touching "Debug\LinkedListEx.lastbuildstate".
     1>Done Building Project "G:\1014110012\Shit\school documents\11-12\spring\data structures\CS262\Lab06\LinkedListEx\LinkedListEx.vcxproj" (build target(s)).

Build succeeded.

Time Elapsed 00:00:04.38
