Build started 3/30/2012 9:19:21 PM.
     1>Project "G:\1014110012\Shit\school documents\11-12\spring\data structures\CS262\airportqueueForm\airportqueueForm\airportqueueForm.vcxproj" on node 2 (build target(s)).
     1>InitializeBuildStatus:
         Creating "Debug\airportqueueForm.unsuccessfulbuild" because "AlwaysCreate" was specified.
       GenerateTargetFrameworkMonikerAttribute:
       Skipping target "GenerateTargetFrameworkMonikerAttribute" because all output files are up-to-date with respect to the input files.
       ClCompile:
         All outputs are up-to-date.
         C:\Program Files (x86)\Microsoft Visual Studio 10.0\VC\bin\CL.exe /c /AI"C:\Program Files (x86)\Reference Assemblies\Microsoft\Framework\.NETFramework\v4.0" /Zi /clr:pure /nologo /W3 /WX- /Od /Oy- /D WIN32 /D _DEBUG /D _UNICODE /D UNICODE /EHa /MDd /GS /fp:precise /Zc:wchar_t /Zc:forScope /Yu"StdAfx.h" /Fp"Debug\airportqueueForm.pch" /Fo"Debug\\" /Fd"Debug\vc100.pdb" /TP /FU"C:\Program Files (x86)\Reference Assemblies\Microsoft\Framework\.NETFramework\v4.0\System.Core.dll" /FU"C:\Program Files (x86)\Reference Assemblies\Microsoft\Framework\.NETFramework\v4.0\System.Data.dll" /FU"C:\Program Files (x86)\Reference Assemblies\Microsoft\Framework\.NETFramework\v4.0\System.dll" /FU"C:\Program Files (x86)\Reference Assemblies\Microsoft\Framework\.NETFramework\v4.0\System.Drawing.dll" /FU"C:\Program Files (x86)\Reference Assemblies\Microsoft\Framework\.NETFramework\v4.0\System.Windows.Forms.dll" /FU"C:\Program Files (x86)\Reference Assemblies\Microsoft\Framework\.NETFramework\v4.0\System.Xml.dll" /analyze- /errorReport:prompt airportqueueForm.cpp /clr:nostdlib 
         airportqueueForm.cpp
     1>g:\1014110012\shit\school documents\11-12\spring\data structures\cs262\airportqueueform\airportqueueform\Form1.h(496): warning C4244: 'argument' : conversion from 'time_t' to 'unsigned int', possible loss of data
         All outputs are up-to-date.
       CoreResGen:
         All outputs are up-to-date.
       ResourceCompile:
         All outputs are up-to-date.
       Link:
         C:\Program Files (x86)\Microsoft Visual Studio 10.0\VC\bin\link.exe /ERRORREPORT:PROMPT /OUT:"G:\1014110012\Shit\school documents\11-12\spring\data structures\CS262\airportqueueForm\Debug\airportqueueForm.exe" /INCREMENTAL /NOLOGO /ASSEMBLYRESOURCE:Debug\airportqueueForm.Form1.resources /MANIFEST /ManifestFile:"Debug\airportqueueForm.exe.intermediate.manifest" /MANIFESTUAC:"level='asInvoker' uiAccess='false'" /DEBUG /PDB:"G:\1014110012\Shit\school documents\11-12\spring\data structures\CS262\airportqueueForm\Debug\airportqueueForm.pdb" /ASSEMBLYDEBUG /SUBSYSTEM:WINDOWS /TLBID:1 /ENTRY:"main" /DYNAMICBASE /FIXED:NO /NXCOMPAT /MACHINE:X86 Debug\app.res
         Debug\airportqueueForm.obj
         Debug\AssemblyInfo.obj
         Debug\plane.obj
         Debug\stdafx.obj
         "Debug\.NETFramework,Version=v4.0.AssemblyAttributes.obj"
         airportqueueForm.vcxproj -> G:\1014110012\Shit\school documents\11-12\spring\data structures\CS262\airportqueueForm\Debug\airportqueueForm.exe
       Manifest:
         C:\Program Files (x86)\Microsoft SDKs\Windows\v7.0A\bin\mt.exe /nologo /verbose /outputresource:"G:\1014110012\Shit\school documents\11-12\spring\data structures\CS262\airportqueueForm\Debug\airportqueueForm.exe;#1" /manifest Debug\airportqueueForm.exe.intermediate.manifest
       FinalizeBuildStatus:
         Deleting file "Debug\airportqueueForm.unsuccessfulbuild".
         Touching "Debug\airportqueueForm.lastbuildstate".
     1>Done Building Project "G:\1014110012\Shit\school documents\11-12\spring\data structures\CS262\airportqueueForm\airportqueueForm\airportqueueForm.vcxproj" (build target(s)).

Build succeeded.

Time Elapsed 00:00:02.70
