Build started 4/9/2012 9:17:03 PM.
     1>Project "G:\1014110012\Shit\school documents\11-12\spring\data structures\CS262\blankProject\blankProject\blankProject.vcxproj" on node 2 (build target(s)).
     1>InitializeBuildStatus:
         Creating "Debug\blankProject.unsuccessfulbuild" because "AlwaysCreate" was specified.
       ClCompile:
         C:\Program Files (x86)\Microsoft Visual Studio 10.0\VC\bin\CL.exe /c /ZI /nologo /W3 /WX- /Od /Oy- /D WIN32 /D _DEBUG /D _CONSOLE /D _UNICODE /D UNICODE /Gm /EHsc /RTC1 /MDd /GS /fp:precise /Zc:wchar_t /Zc:forScope /Fo"Debug\\" /Fd"Debug\vc100.pdb" /Gd /TP /analyze- /errorReport:prompt main.cpp
         main.cpp
     1>g:\1014110012\shit\school documents\11-12\spring\data structures\cs262\blankproject\blankproject\main.cpp(7): warning C4717: 'boobies' : recursive on all control paths, function will cause runtime stack overflow
       ManifestResourceCompile:
         All outputs are up-to-date.
       Link:
         C:\Program Files (x86)\Microsoft Visual Studio 10.0\VC\bin\link.exe /ERRORREPORT:PROMPT /OUT:"G:\1014110012\Shit\school documents\11-12\spring\data structures\CS262\blankProject\Debug\blankProject.exe" /INCREMENTAL /NOLOGO kernel32.lib user32.lib gdi32.lib winspool.lib comdlg32.lib advapi32.lib shell32.lib ole32.lib oleaut32.lib uuid.lib odbc32.lib odbccp32.lib /MANIFEST /ManifestFile:"Debug\blankProject.exe.intermediate.manifest" /MANIFESTUAC:"level='asInvoker' uiAccess='false'" /DEBUG /PDB:"G:\1014110012\Shit\school documents\11-12\spring\data structures\CS262\blankProject\Debug\blankProject.pdb" /SUBSYSTEM:CONSOLE /TLBID:1 /DYNAMICBASE /NXCOMPAT /IMPLIB:"G:\1014110012\Shit\school documents\11-12\spring\data structures\CS262\blankProject\Debug\blankProject.lib" /MACHINE:X86 Debug\blankProject.exe.embed.manifest.res
         Debug\main.obj
       Manifest:
         C:\Program Files (x86)\Microsoft SDKs\Windows\v7.0A\bin\mt.exe /nologo /verbose /out:"Debug\blankProject.exe.embed.manifest" /manifest Debug\blankProject.exe.intermediate.manifest
         All outputs are up-to-date.
       LinkEmbedManifest:
         All outputs are up-to-date.
         blankProject.vcxproj -> G:\1014110012\Shit\school documents\11-12\spring\data structures\CS262\blankProject\Debug\blankProject.exe
       FinalizeBuildStatus:
         Deleting file "Debug\blankProject.unsuccessfulbuild".
         Touching "Debug\blankProject.lastbuildstate".
     1>Done Building Project "G:\1014110012\Shit\school documents\11-12\spring\data structures\CS262\blankProject\blankProject\blankProject.vcxproj" (build target(s)).

Build succeeded.

Time Elapsed 00:00:01.20
